drdadmin/app/libs/viewpagerindicator/build/outputs/logs/manifest-merger-release-report.txt
-- Merging decision tree log ---
manifest
ADDED from libs\viewpagerindicator\AndroidManifest.xml:3:1-9:12
INJECTED from libs\viewpagerindicator\AndroidManifest.xml:3:1-9:12
INJECTED from libs\viewpagerindicator\AndroidManifest.xml:3:1-9:12
INJECTED from libs\viewpagerindicator\AndroidManifest.xml:3:1-9:12
INJECTED from libs\viewpagerindicator\AndroidManifest.xml:3:1-9:12
INJECTED from libs\viewpagerindicator\AndroidManifest.xml:3:1-9:12
INJECTED from libs\viewpagerindicator\AndroidManifest.xml:3:1-9:12
	package
		ADDED from libs\viewpagerindicator\AndroidManifest.xml:4:5-37
		INJECTED from libs\viewpagerindicator\AndroidManifest.xml
		INJECTED from libs\viewpagerindicator\AndroidManifest.xml
	android:versionName
		ADDED from libs\viewpagerindicator\AndroidManifest.xml:6:5-32
		INJECTED from libs\viewpagerindicator\AndroidManifest.xml
		INJECTED from libs\viewpagerindicator\AndroidManifest.xml
	xmlns:android
		ADDED from libs\viewpagerindicator\AndroidManifest.xml:3:11-69
	android:versionCode
		ADDED from libs\viewpagerindicator\AndroidManifest.xml:5:5-29
		INJECTED from libs\viewpagerindicator\AndroidManifest.xml
		INJECTED from libs\viewpagerindicator\AndroidManifest.xml
uses-sdk
ADDED from libs\viewpagerindicator\AndroidManifest.xml:8:5-44
	android:minSdkVersion
		ADDED from libs\viewpagerindicator\AndroidManifest.xml:8:15-41